docker-blescanner
[master d66f9e4] automatic pre deployment commit
 2 files changed, 83 insertions(+), 301 deletions(-)
 rewrite latest.log (80%)
 create mode 100644 stable.tmp
using 2024-11-03-601c461
Sending build context to Docker daemon  139.8kB
Step 1/12 : FROM --platform=linux/arm64/v8 arm64v8/ubuntu:24.04
 ---> f825f99d3d8a
Step 2/12 : ENV DEBIAN_FRONTEND=noninteractive
 ---> Using cache
 ---> b9805c9c1b12
Step 3/12 : ENV TZ=Europe/Vienna
 ---> Using cache
 ---> e7ff24812de5
Step 4/12 : RUN apt update && apt install --no-install-recommends -y     tzdata     python3-setuptools     python3-pip     python3     python3-yaml     python3-prometheus-client
 ---> Using cache
 ---> 72cda44cf32f
Step 5/12 : WORKDIR /usr/src/app
 ---> Using cache
 ---> 73f889e26797
Step 6/12 : RUN pip3 install --break-system-packages --disable-pip-version-check --no-cache-dir bleak
 ---> Using cache
 ---> 7758df3757d5
Step 7/12 : RUN pip3 freeze
 ---> Using cache
 ---> 0ea87597321d
Step 8/12 : COPY build/main.py /usr/src/app/main.py
 ---> Using cache
 ---> 8246493575af
Step 9/12 : RUN apt -y purge python3-pip python3-setuptools;     apt -y autoremove;     apt -y clean;
 ---> Using cache
 ---> 692990b77fec
Step 10/12 : USER ubuntu
 ---> Using cache
 ---> 21a6fdc25b78
Step 11/12 : EXPOSE 9100/tcp
 ---> Using cache
 ---> 966746251985
Step 12/12 : CMD ["python3", "-u", "/usr/src/app/main.py"]
 ---> Using cache
 ---> 98684b86bef5
Successfully built 98684b86bef5
Successfully tagged registry.messner.click/gunny26/docker-blescanner:2024-11-03-601c461
The push refers to repository [registry.messner.click/gunny26/docker-blescanner]
e73a347e3b12: Preparing
fe96eb217bb9: Preparing
cb2de2bf62bd: Preparing
5a32d97d2572: Preparing
a3d5197894bc: Preparing
fcecd6f30cfb: Preparing
fcecd6f30cfb: Waiting
cb2de2bf62bd: Layer already exists
5a32d97d2572: Layer already exists
a3d5197894bc: Layer already exists
fcecd6f30cfb: Layer already exists
fe96eb217bb9: Pushed
e73a347e3b12: Pushed
2024-11-03-601c461: digest: sha256:217151a0c6eefdd07309fd83612fda744b0117573a70f2708083ab01f59c5354 size: 1577
The push refers to repository [registry.messner.click/gunny26/docker-blescanner]
e73a347e3b12: Preparing
fe96eb217bb9: Preparing
cb2de2bf62bd: Preparing
5a32d97d2572: Preparing
a3d5197894bc: Preparing
fcecd6f30cfb: Preparing
fcecd6f30cfb: Waiting
a3d5197894bc: Layer already exists
fe96eb217bb9: Layer already exists
cb2de2bf62bd: Layer already exists
5a32d97d2572: Layer already exists
e73a347e3b12: Layer already exists
fcecd6f30cfb: Layer already exists
stable: digest: sha256:217151a0c6eefdd07309fd83612fda744b0117573a70f2708083ab01f59c5354 size: 1577
